[2023-03-14T14:01:28.244] [ERROR] default - Error: pc validation failed: pokemons.0.two: Path `two` is required., pokemons.0.one: Path `one` is required.
    at ValidationError.inspect (C:\Users\Jelee\Desktop\codigo2023\backendPokeJs\node_modules\mongoose\lib\error\validation.js:50:26)
    at formatValue (node:internal/util/inspect:782:19)
    at inspect (node:internal/util/inspect:347:10)
    at formatWithOptionsInternal (node:internal/util/inspect:2167:40)
    at Object.format (node:internal/util/inspect:2021:10)
    at basicLayout (C:\Users\Jelee\Desktop\codigo2023\backendPokeJs\node_modules\log4js\lib\layouts.js:65:52)
    at app (C:\Users\Jelee\Desktop\codigo2023\backendPokeJs\node_modules\log4js\lib\appenders\file.js:98:23)
    at C:\Users\Jelee\Desktop\codigo2023\backendPokeJs\node_modules\log4js\lib\appenders\logLevelFilter.js:10:7
    at C:\Users\Jelee\Desktop\codigo2023\backendPokeJs\node_modules\log4js\lib\log4js.js:43:5
    at Array.forEach (<anonymous>) {
  errors: {
    'pokemons.0.two': ValidatorError: Path `two` is required.
        at validate (C:\Users\Jelee\Desktop\codigo2023\backendPokeJs\node_modules\mongoose\lib\schematype.js:1347:13)
        at SchemaString.SchemaType.doValidate (C:\Users\Jelee\Desktop\codigo2023\backendPokeJs\node_modules\mongoose\lib\schematype.js:1331:7)
        at C:\Users\Jelee\Desktop\codigo2023\backendPokeJs\node_modules\mongoose\lib\document.js:2861:18
        at processTicksAndRejections (node:internal/process/task_queues:78:11) {
      properties: [Object],
      kind: 'required',
      path: 'two',
      value: undefined,
      reason: undefined,
      [Symbol(mongoose:validatorError)]: true
    },
    'pokemons.0.one': ValidatorError: Path `one` is required.
        at validate (C:\Users\Jelee\Desktop\codigo2023\backendPokeJs\node_modules\mongoose\lib\schematype.js:1347:13)
        at SchemaString.SchemaType.doValidate (C:\Users\Jelee\Desktop\codigo2023\backendPokeJs\node_modules\mongoose\lib\schematype.js:1331:7)
        at C:\Users\Jelee\Desktop\codigo2023\backendPokeJs\node_modules\mongoose\lib\document.js:2861:18
        at processTicksAndRejections (node:internal/process/task_queues:78:11) {
      properties: [Object],
      kind: 'required',
      path: 'one',
      value: undefined,
      reason: undefined,
      [Symbol(mongoose:validatorError)]: true
    }
  },
  _message: 'pc validation failed'
}
[2023-03-14T14:09:05.653] [ERROR] default - Error: inventory validation failed: idUser: Path `idUser` is required.
    at ValidationError.inspect (C:\Users\Jelee\Desktop\codigo2023\backendPokeJs\node_modules\mongoose\lib\error\validation.js:50:26)
    at formatValue (node:internal/util/inspect:782:19)
    at inspect (node:internal/util/inspect:347:10)
    at formatWithOptionsInternal (node:internal/util/inspect:2167:40)
    at Object.format (node:internal/util/inspect:2021:10)
    at basicLayout (C:\Users\Jelee\Desktop\codigo2023\backendPokeJs\node_modules\log4js\lib\layouts.js:65:52)
    at app (C:\Users\Jelee\Desktop\codigo2023\backendPokeJs\node_modules\log4js\lib\appenders\file.js:98:23)
    at C:\Users\Jelee\Desktop\codigo2023\backendPokeJs\node_modules\log4js\lib\appenders\logLevelFilter.js:10:7
    at C:\Users\Jelee\Desktop\codigo2023\backendPokeJs\node_modules\log4js\lib\log4js.js:43:5
    at Array.forEach (<anonymous>) {
  errors: {
    idUser: ValidatorError: Path `idUser` is required.
        at validate (C:\Users\Jelee\Desktop\codigo2023\backendPokeJs\node_modules\mongoose\lib\schematype.js:1347:13)
        at ObjectId.SchemaType.doValidate (C:\Users\Jelee\Desktop\codigo2023\backendPokeJs\node_modules\mongoose\lib\schematype.js:1331:7)
        at C:\Users\Jelee\Desktop\codigo2023\backendPokeJs\node_modules\mongoose\lib\document.js:2861:18
        at processTicksAndRejections (node:internal/process/task_queues:78:11) {
      properties: [Object],
      kind: 'required',
      path: 'idUser',
      value: undefined,
      reason: undefined,
      [Symbol(mongoose:validatorError)]: true
    }
  },
  _message: 'inventory validation failed'
}
[2023-03-14T15:12:24.912] [ERROR] default - ReferenceError: _id is not defined
    at DaoMongoDb.updateById (file:///C:/Users/Jelee/Desktop/codigo2023/backendPokeJs/src/models/container/mongo.container.js:81:22)
    at Service.updateInventoryById (file:///C:/Users/Jelee/Desktop/codigo2023/backendPokeJs/src/services/inventory/inventory.service.js:57:23)
    at controller.update (file:///C:/Users/Jelee/Desktop/codigo2023/backendPokeJs/src/controllers/inventory/inventory.controller.js:34:38)
    at Layer.handle [as handle_request] (C:\Users\Jelee\Desktop\codigo2023\backendPokeJs\node_modules\express\lib\router\layer.js:95:5)
    at next (C:\Users\Jelee\Desktop\codigo2023\backendPokeJs\node_modules\express\lib\router\route.js:144:13)
    at Route.dispatch (C:\Users\Jelee\Desktop\codigo2023\backendPokeJs\node_modules\express\lib\router\route.js:114:3)
    at Layer.handle [as handle_request] (C:\Users\Jelee\Desktop\codigo2023\backendPokeJs\node_modules\express\lib\router\layer.js:95:5)
    at C:\Users\Jelee\Desktop\codigo2023\backendPokeJs\node_modules\express\lib\router\index.js:284:15
    at param (C:\Users\Jelee\Desktop\codigo2023\backendPokeJs\node_modules\express\lib\router\index.js:365:14)
    at param (C:\Users\Jelee\Desktop\codigo2023\backendPokeJs\node_modules\express\lib\router\index.js:376:14)
[2023-03-14T15:12:33.996] [ERROR] default - ReferenceError: _id is not defined
    at DaoMongoDb.updateById (file:///C:/Users/Jelee/Desktop/codigo2023/backendPokeJs/src/models/container/mongo.container.js:81:22)
    at Service.updateInventoryById (file:///C:/Users/Jelee/Desktop/codigo2023/backendPokeJs/src/services/inventory/inventory.service.js:57:23)
    at controller.update (file:///C:/Users/Jelee/Desktop/codigo2023/backendPokeJs/src/controllers/inventory/inventory.controller.js:34:38)
    at Layer.handle [as handle_request] (C:\Users\Jelee\Desktop\codigo2023\backendPokeJs\node_modules\express\lib\router\layer.js:95:5)
    at next (C:\Users\Jelee\Desktop\codigo2023\backendPokeJs\node_modules\express\lib\router\route.js:144:13)
    at Route.dispatch (C:\Users\Jelee\Desktop\codigo2023\backendPokeJs\node_modules\express\lib\router\route.js:114:3)
    at Layer.handle [as handle_request] (C:\Users\Jelee\Desktop\codigo2023\backendPokeJs\node_modules\express\lib\router\layer.js:95:5)
    at C:\Users\Jelee\Desktop\codigo2023\backendPokeJs\node_modules\express\lib\router\index.js:284:15
    at param (C:\Users\Jelee\Desktop\codigo2023\backendPokeJs\node_modules\express\lib\router\index.js:365:14)
    at param (C:\Users\Jelee\Desktop\codigo2023\backendPokeJs\node_modules\express\lib\router\index.js:376:14)
[2023-03-14T15:14:01.196] [ERROR] default - ReferenceError: _id is not defined
    at DaoMongoDb.updateById (file:///C:/Users/Jelee/Desktop/codigo2023/backendPokeJs/src/models/container/mongo.container.js:81:22)
    at Service.updateInventoryById (file:///C:/Users/Jelee/Desktop/codigo2023/backendPokeJs/src/services/inventory/inventory.service.js:57:23)
    at controller.update (file:///C:/Users/Jelee/Desktop/codigo2023/backendPokeJs/src/controllers/inventory/inventory.controller.js:34:38)
    at Layer.handle [as handle_request] (C:\Users\Jelee\Desktop\codigo2023\backendPokeJs\node_modules\express\lib\router\layer.js:95:5)
    at next (C:\Users\Jelee\Desktop\codigo2023\backendPokeJs\node_modules\express\lib\router\route.js:144:13)
    at Route.dispatch (C:\Users\Jelee\Desktop\codigo2023\backendPokeJs\node_modules\express\lib\router\route.js:114:3)
    at Layer.handle [as handle_request] (C:\Users\Jelee\Desktop\codigo2023\backendPokeJs\node_modules\express\lib\router\layer.js:95:5)
    at C:\Users\Jelee\Desktop\codigo2023\backendPokeJs\node_modules\express\lib\router\index.js:284:15
    at param (C:\Users\Jelee\Desktop\codigo2023\backendPokeJs\node_modules\express\lib\router\index.js:365:14)
    at param (C:\Users\Jelee\Desktop\codigo2023\backendPokeJs\node_modules\express\lib\router\index.js:376:14)
[2023-03-14T15:15:59.584] [ERROR] default - ReferenceError: _id is not defined
    at DaoMongoDb.updateById (file:///C:/Users/Jelee/Desktop/codigo2023/backendPokeJs/src/models/container/mongo.container.js:81:22)
    at Service.updateInventoryById (file:///C:/Users/Jelee/Desktop/codigo2023/backendPokeJs/src/services/inventory/inventory.service.js:57:23)
    at controller.update (file:///C:/Users/Jelee/Desktop/codigo2023/backendPokeJs/src/controllers/inventory/inventory.controller.js:34:38)
    at Layer.handle [as handle_request] (C:\Users\Jelee\Desktop\codigo2023\backendPokeJs\node_modules\express\lib\router\layer.js:95:5)
    at next (C:\Users\Jelee\Desktop\codigo2023\backendPokeJs\node_modules\express\lib\router\route.js:144:13)
    at Route.dispatch (C:\Users\Jelee\Desktop\codigo2023\backendPokeJs\node_modules\express\lib\router\route.js:114:3)
    at Layer.handle [as handle_request] (C:\Users\Jelee\Desktop\codigo2023\backendPokeJs\node_modules\express\lib\router\layer.js:95:5)
    at C:\Users\Jelee\Desktop\codigo2023\backendPokeJs\node_modules\express\lib\router\index.js:284:15
    at param (C:\Users\Jelee\Desktop\codigo2023\backendPokeJs\node_modules\express\lib\router\index.js:365:14)
    at param (C:\Users\Jelee\Desktop\codigo2023\backendPokeJs\node_modules\express\lib\router\index.js:376:14)
[2023-03-14T15:29:12.442] [ERROR] default - Error: pc validation failed: pokemons.0.two: Path `two` is required., pokemons.0.one: Path `one` is required.
    at ValidationError.inspect (C:\Users\Jelee\Desktop\codigo2023\backendPokeJs\node_modules\mongoose\lib\error\validation.js:50:26)
    at formatValue (node:internal/util/inspect:782:19)
    at inspect (node:internal/util/inspect:347:10)
    at formatWithOptionsInternal (node:internal/util/inspect:2167:40)
    at Object.format (node:internal/util/inspect:2021:10)
    at basicLayout (C:\Users\Jelee\Desktop\codigo2023\backendPokeJs\node_modules\log4js\lib\layouts.js:65:52)
    at app (C:\Users\Jelee\Desktop\codigo2023\backendPokeJs\node_modules\log4js\lib\appenders\file.js:98:23)
    at C:\Users\Jelee\Desktop\codigo2023\backendPokeJs\node_modules\log4js\lib\appenders\logLevelFilter.js:10:7
    at C:\Users\Jelee\Desktop\codigo2023\backendPokeJs\node_modules\log4js\lib\log4js.js:43:5
    at Array.forEach (<anonymous>) {
  errors: {
    'pokemons.0.two': ValidatorError: Path `two` is required.
        at validate (C:\Users\Jelee\Desktop\codigo2023\backendPokeJs\node_modules\mongoose\lib\schematype.js:1347:13)
        at SchemaString.SchemaType.doValidate (C:\Users\Jelee\Desktop\codigo2023\backendPokeJs\node_modules\mongoose\lib\schematype.js:1331:7)
        at C:\Users\Jelee\Desktop\codigo2023\backendPokeJs\node_modules\mongoose\lib\document.js:2861:18
        at processTicksAndRejections (node:internal/process/task_queues:78:11) {
      properties: [Object],
      kind: 'required',
      path: 'two',
      value: undefined,
      reason: undefined,
      [Symbol(mongoose:validatorError)]: true
    },
    'pokemons.0.one': ValidatorError: Path `one` is required.
        at validate (C:\Users\Jelee\Desktop\codigo2023\backendPokeJs\node_modules\mongoose\lib\schematype.js:1347:13)
        at SchemaString.SchemaType.doValidate (C:\Users\Jelee\Desktop\codigo2023\backendPokeJs\node_modules\mongoose\lib\schematype.js:1331:7)
        at C:\Users\Jelee\Desktop\codigo2023\backendPokeJs\node_modules\mongoose\lib\document.js:2861:18
        at processTicksAndRejections (node:internal/process/task_queues:78:11) {
      properties: [Object],
      kind: 'required',
      path: 'one',
      value: undefined,
      reason: undefined,
      [Symbol(mongoose:validatorError)]: true
    }
  },
  _message: 'pc validation failed'
}
[2023-03-14T15:30:37.614] [ERROR] default - Error: pc validation failed: pokemons.0.two: Path `two` is required., pokemons.0.one: Path `one` is required.
    at ValidationError.inspect (C:\Users\Jelee\Desktop\codigo2023\backendPokeJs\node_modules\mongoose\lib\error\validation.js:50:26)
    at formatValue (node:internal/util/inspect:782:19)
    at inspect (node:internal/util/inspect:347:10)
    at formatWithOptionsInternal (node:internal/util/inspect:2167:40)
    at Object.format (node:internal/util/inspect:2021:10)
    at basicLayout (C:\Users\Jelee\Desktop\codigo2023\backendPokeJs\node_modules\log4js\lib\layouts.js:65:52)
    at app (C:\Users\Jelee\Desktop\codigo2023\backendPokeJs\node_modules\log4js\lib\appenders\file.js:98:23)
    at C:\Users\Jelee\Desktop\codigo2023\backendPokeJs\node_modules\log4js\lib\appenders\logLevelFilter.js:10:7
    at C:\Users\Jelee\Desktop\codigo2023\backendPokeJs\node_modules\log4js\lib\log4js.js:43:5
    at Array.forEach (<anonymous>) {
  errors: {
    'pokemons.0.two': ValidatorError: Path `two` is required.
        at validate (C:\Users\Jelee\Desktop\codigo2023\backendPokeJs\node_modules\mongoose\lib\schematype.js:1347:13)
        at SchemaString.SchemaType.doValidate (C:\Users\Jelee\Desktop\codigo2023\backendPokeJs\node_modules\mongoose\lib\schematype.js:1331:7)
        at C:\Users\Jelee\Desktop\codigo2023\backendPokeJs\node_modules\mongoose\lib\document.js:2861:18
        at processTicksAndRejections (node:internal/process/task_queues:78:11) {
      properties: [Object],
      kind: 'required',
      path: 'two',
      value: undefined,
      reason: undefined,
      [Symbol(mongoose:validatorError)]: true
    },
    'pokemons.0.one': ValidatorError: Path `one` is required.
        at validate (C:\Users\Jelee\Desktop\codigo2023\backendPokeJs\node_modules\mongoose\lib\schematype.js:1347:13)
        at SchemaString.SchemaType.doValidate (C:\Users\Jelee\Desktop\codigo2023\backendPokeJs\node_modules\mongoose\lib\schematype.js:1331:7)
        at C:\Users\Jelee\Desktop\codigo2023\backendPokeJs\node_modules\mongoose\lib\document.js:2861:18
        at processTicksAndRejections (node:internal/process/task_queues:78:11) {
      properties: [Object],
      kind: 'required',
      path: 'one',
      value: undefined,
      reason: undefined,
      [Symbol(mongoose:validatorError)]: true
    }
  },
  _message: 'pc validation failed'
}
[2023-03-14T15:32:57.113] [ERROR] default - Error: pc validation failed: pokemons.0.two: Path `two` is required., pokemons.0.one: Path `one` is required., pokemons.1.two: Path `two` is required., pokemons.1.one: Path `one` is required.
    at ValidationError.inspect (C:\Users\Jelee\Desktop\codigo2023\backendPokeJs\node_modules\mongoose\lib\error\validation.js:50:26)
    at formatValue (node:internal/util/inspect:782:19)
    at inspect (node:internal/util/inspect:347:10)
    at formatWithOptionsInternal (node:internal/util/inspect:2167:40)
    at Object.format (node:internal/util/inspect:2021:10)
    at basicLayout (C:\Users\Jelee\Desktop\codigo2023\backendPokeJs\node_modules\log4js\lib\layouts.js:65:52)
    at app (C:\Users\Jelee\Desktop\codigo2023\backendPokeJs\node_modules\log4js\lib\appenders\file.js:98:23)
    at C:\Users\Jelee\Desktop\codigo2023\backendPokeJs\node_modules\log4js\lib\appenders\logLevelFilter.js:10:7
    at C:\Users\Jelee\Desktop\codigo2023\backendPokeJs\node_modules\log4js\lib\log4js.js:43:5
    at Array.forEach (<anonymous>) {
  errors: {
    'pokemons.0.two': ValidatorError: Path `two` is required.
        at validate (C:\Users\Jelee\Desktop\codigo2023\backendPokeJs\node_modules\mongoose\lib\schematype.js:1347:13)
        at SchemaString.SchemaType.doValidate (C:\Users\Jelee\Desktop\codigo2023\backendPokeJs\node_modules\mongoose\lib\schematype.js:1331:7)
        at C:\Users\Jelee\Desktop\codigo2023\backendPokeJs\node_modules\mongoose\lib\document.js:2861:18
        at processTicksAndRejections (node:internal/process/task_queues:78:11) {
      properties: [Object],
      kind: 'required',
      path: 'two',
      value: undefined,
      reason: undefined,
      [Symbol(mongoose:validatorError)]: true
    },
    'pokemons.0.one': ValidatorError: Path `one` is required.
        at validate (C:\Users\Jelee\Desktop\codigo2023\backendPokeJs\node_modules\mongoose\lib\schematype.js:1347:13)
        at SchemaString.SchemaType.doValidate (C:\Users\Jelee\Desktop\codigo2023\backendPokeJs\node_modules\mongoose\lib\schematype.js:1331:7)
        at C:\Users\Jelee\Desktop\codigo2023\backendPokeJs\node_modules\mongoose\lib\document.js:2861:18
        at processTicksAndRejections (node:internal/process/task_queues:78:11) {
      properties: [Object],
      kind: 'required',
      path: 'one',
      value: undefined,
      reason: undefined,
      [Symbol(mongoose:validatorError)]: true
    },
    'pokemons.1.two': ValidatorError: Path `two` is required.
        at validate (C:\Users\Jelee\Desktop\codigo2023\backendPokeJs\node_modules\mongoose\lib\schematype.js:1347:13)
        at SchemaString.SchemaType.doValidate (C:\Users\Jelee\Desktop\codigo2023\backendPokeJs\node_modules\mongoose\lib\schematype.js:1331:7)
        at C:\Users\Jelee\Desktop\codigo2023\backendPokeJs\node_modules\mongoose\lib\document.js:2861:18
        at processTicksAndRejections (node:internal/process/task_queues:78:11) {
      properties: [Object],
      kind: 'required',
      path: 'two',
      value: undefined,
      reason: undefined,
      [Symbol(mongoose:validatorError)]: true
    },
    'pokemons.1.one': ValidatorError: Path `one` is required.
        at validate (C:\Users\Jelee\Desktop\codigo2023\backendPokeJs\node_modules\mongoose\lib\schematype.js:1347:13)
        at SchemaString.SchemaType.doValidate (C:\Users\Jelee\Desktop\codigo2023\backendPokeJs\node_modules\mongoose\lib\schematype.js:1331:7)
        at C:\Users\Jelee\Desktop\codigo2023\backendPokeJs\node_modules\mongoose\lib\document.js:2861:18
        at processTicksAndRejections (node:internal/process/task_queues:78:11) {
      properties: [Object],
      kind: 'required',
      path: 'one',
      value: undefined,
      reason: undefined,
      [Symbol(mongoose:validatorError)]: true
    }
  },
  _message: 'pc validation failed'
}
[2023-03-14T15:34:02.791] [ERROR] default - Error: pc validation failed: pokemons.0.two: Path `two` is required., pokemons.0.one: Path `one` is required., pokemons.1.two: Path `two` is required., pokemons.1.one: Path `one` is required.
    at ValidationError.inspect (C:\Users\Jelee\Desktop\codigo2023\backendPokeJs\node_modules\mongoose\lib\error\validation.js:50:26)
    at formatValue (node:internal/util/inspect:782:19)
    at inspect (node:internal/util/inspect:347:10)
    at formatWithOptionsInternal (node:internal/util/inspect:2167:40)
    at Object.format (node:internal/util/inspect:2021:10)
    at basicLayout (C:\Users\Jelee\Desktop\codigo2023\backendPokeJs\node_modules\log4js\lib\layouts.js:65:52)
    at app (C:\Users\Jelee\Desktop\codigo2023\backendPokeJs\node_modules\log4js\lib\appenders\file.js:98:23)
    at C:\Users\Jelee\Desktop\codigo2023\backendPokeJs\node_modules\log4js\lib\appenders\logLevelFilter.js:10:7
    at C:\Users\Jelee\Desktop\codigo2023\backendPokeJs\node_modules\log4js\lib\log4js.js:43:5
    at Array.forEach (<anonymous>) {
  errors: {
    'pokemons.0.two': ValidatorError: Path `two` is required.
        at validate (C:\Users\Jelee\Desktop\codigo2023\backendPokeJs\node_modules\mongoose\lib\schematype.js:1347:13)
        at SchemaString.SchemaType.doValidate (C:\Users\Jelee\Desktop\codigo2023\backendPokeJs\node_modules\mongoose\lib\schematype.js:1331:7)
        at C:\Users\Jelee\Desktop\codigo2023\backendPokeJs\node_modules\mongoose\lib\document.js:2861:18
        at processTicksAndRejections (node:internal/process/task_queues:78:11) {
      properties: [Object],
      kind: 'required',
      path: 'two',
      value: undefined,
      reason: undefined,
      [Symbol(mongoose:validatorError)]: true
    },
    'pokemons.0.one': ValidatorError: Path `one` is required.
        at validate (C:\Users\Jelee\Desktop\codigo2023\backendPokeJs\node_modules\mongoose\lib\schematype.js:1347:13)
        at SchemaString.SchemaType.doValidate (C:\Users\Jelee\Desktop\codigo2023\backendPokeJs\node_modules\mongoose\lib\schematype.js:1331:7)
        at C:\Users\Jelee\Desktop\codigo2023\backendPokeJs\node_modules\mongoose\lib\document.js:2861:18
        at processTicksAndRejections (node:internal/process/task_queues:78:11) {
      properties: [Object],
      kind: 'required',
      path: 'one',
      value: undefined,
      reason: undefined,
      [Symbol(mongoose:validatorError)]: true
    },
    'pokemons.1.two': ValidatorError: Path `two` is required.
        at validate (C:\Users\Jelee\Desktop\codigo2023\backendPokeJs\node_modules\mongoose\lib\schematype.js:1347:13)
        at SchemaString.SchemaType.doValidate (C:\Users\Jelee\Desktop\codigo2023\backendPokeJs\node_modules\mongoose\lib\schematype.js:1331:7)
        at C:\Users\Jelee\Desktop\codigo2023\backendPokeJs\node_modules\mongoose\lib\document.js:2861:18
        at processTicksAndRejections (node:internal/process/task_queues:78:11) {
      properties: [Object],
      kind: 'required',
      path: 'two',
      value: undefined,
      reason: undefined,
      [Symbol(mongoose:validatorError)]: true
    },
    'pokemons.1.one': ValidatorError: Path `one` is required.
        at validate (C:\Users\Jelee\Desktop\codigo2023\backendPokeJs\node_modules\mongoose\lib\schematype.js:1347:13)
        at SchemaString.SchemaType.doValidate (C:\Users\Jelee\Desktop\codigo2023\backendPokeJs\node_modules\mongoose\lib\schematype.js:1331:7)
        at C:\Users\Jelee\Desktop\codigo2023\backendPokeJs\node_modules\mongoose\lib\document.js:2861:18
        at processTicksAndRejections (node:internal/process/task_queues:78:11) {
      properties: [Object],
      kind: 'required',
      path: 'one',
      value: undefined,
      reason: undefined,
      [Symbol(mongoose:validatorError)]: true
    }
  },
  _message: 'pc validation failed'
}
[2023-03-14T15:35:11.852] [ERROR] default - Error: pc validation failed: pokemons.0.one: Path `one` is required., pokemons.1.one: Path `one` is required.
    at ValidationError.inspect (C:\Users\Jelee\Desktop\codigo2023\backendPokeJs\node_modules\mongoose\lib\error\validation.js:50:26)
    at formatValue (node:internal/util/inspect:782:19)
    at inspect (node:internal/util/inspect:347:10)
    at formatWithOptionsInternal (node:internal/util/inspect:2167:40)
    at Object.format (node:internal/util/inspect:2021:10)
    at basicLayout (C:\Users\Jelee\Desktop\codigo2023\backendPokeJs\node_modules\log4js\lib\layouts.js:65:52)
    at app (C:\Users\Jelee\Desktop\codigo2023\backendPokeJs\node_modules\log4js\lib\appenders\file.js:98:23)
    at C:\Users\Jelee\Desktop\codigo2023\backendPokeJs\node_modules\log4js\lib\appenders\logLevelFilter.js:10:7
    at C:\Users\Jelee\Desktop\codigo2023\backendPokeJs\node_modules\log4js\lib\log4js.js:43:5
    at Array.forEach (<anonymous>) {
  errors: {
    'pokemons.0.one': ValidatorError: Path `one` is required.
        at validate (C:\Users\Jelee\Desktop\codigo2023\backendPokeJs\node_modules\mongoose\lib\schematype.js:1347:13)
        at SchemaString.SchemaType.doValidate (C:\Users\Jelee\Desktop\codigo2023\backendPokeJs\node_modules\mongoose\lib\schematype.js:1331:7)
        at C:\Users\Jelee\Desktop\codigo2023\backendPokeJs\node_modules\mongoose\lib\document.js:2861:18
        at processTicksAndRejections (node:internal/process/task_queues:78:11) {
      properties: [Object],
      kind: 'required',
      path: 'one',
      value: undefined,
      reason: undefined,
      [Symbol(mongoose:validatorError)]: true
    },
    'pokemons.1.one': ValidatorError: Path `one` is required.
        at validate (C:\Users\Jelee\Desktop\codigo2023\backendPokeJs\node_modules\mongoose\lib\schematype.js:1347:13)
        at SchemaString.SchemaType.doValidate (C:\Users\Jelee\Desktop\codigo2023\backendPokeJs\node_modules\mongoose\lib\schematype.js:1331:7)
        at C:\Users\Jelee\Desktop\codigo2023\backendPokeJs\node_modules\mongoose\lib\document.js:2861:18
        at processTicksAndRejections (node:internal/process/task_queues:78:11) {
      properties: [Object],
      kind: 'required',
      path: 'one',
      value: undefined,
      reason: undefined,
      [Symbol(mongoose:validatorError)]: true
    }
  },
  _message: 'pc validation failed'
}
[2023-03-14T15:35:28.298] [ERROR] default - Error: pc validation failed: pokemons.0.one: Path `one` is required., pokemons.1.one: Path `one` is required.
    at ValidationError.inspect (C:\Users\Jelee\Desktop\codigo2023\backendPokeJs\node_modules\mongoose\lib\error\validation.js:50:26)
    at formatValue (node:internal/util/inspect:782:19)
    at inspect (node:internal/util/inspect:347:10)
    at formatWithOptionsInternal (node:internal/util/inspect:2167:40)
    at Object.format (node:internal/util/inspect:2021:10)
    at basicLayout (C:\Users\Jelee\Desktop\codigo2023\backendPokeJs\node_modules\log4js\lib\layouts.js:65:52)
    at app (C:\Users\Jelee\Desktop\codigo2023\backendPokeJs\node_modules\log4js\lib\appenders\file.js:98:23)
    at C:\Users\Jelee\Desktop\codigo2023\backendPokeJs\node_modules\log4js\lib\appenders\logLevelFilter.js:10:7
    at C:\Users\Jelee\Desktop\codigo2023\backendPokeJs\node_modules\log4js\lib\log4js.js:43:5
    at Array.forEach (<anonymous>) {
  errors: {
    'pokemons.0.one': ValidatorError: Path `one` is required.
        at validate (C:\Users\Jelee\Desktop\codigo2023\backendPokeJs\node_modules\mongoose\lib\schematype.js:1347:13)
        at SchemaString.SchemaType.doValidate (C:\Users\Jelee\Desktop\codigo2023\backendPokeJs\node_modules\mongoose\lib\schematype.js:1331:7)
        at C:\Users\Jelee\Desktop\codigo2023\backendPokeJs\node_modules\mongoose\lib\document.js:2861:18
        at processTicksAndRejections (node:internal/process/task_queues:78:11) {
      properties: [Object],
      kind: 'required',
      path: 'one',
      value: undefined,
      reason: undefined,
      [Symbol(mongoose:validatorError)]: true
    },
    'pokemons.1.one': ValidatorError: Path `one` is required.
        at validate (C:\Users\Jelee\Desktop\codigo2023\backendPokeJs\node_modules\mongoose\lib\schematype.js:1347:13)
        at SchemaString.SchemaType.doValidate (C:\Users\Jelee\Desktop\codigo2023\backendPokeJs\node_modules\mongoose\lib\schematype.js:1331:7)
        at C:\Users\Jelee\Desktop\codigo2023\backendPokeJs\node_modules\mongoose\lib\document.js:2861:18
        at processTicksAndRejections (node:internal/process/task_queues:78:11) {
      properties: [Object],
      kind: 'required',
      path: 'one',
      value: undefined,
      reason: undefined,
      [Symbol(mongoose:validatorError)]: true
    }
  },
  _message: 'pc validation failed'
}
[2023-03-14T16:38:03.988] [ERROR] default - CastError: Cast to ObjectId failed for value "392" (type string) at path "_id" for model "npcs"
    at model.Query.exec (C:\Users\Jelee\Desktop\codigo2023\pokeJs\node_modules\mongoose\lib\query.js:4897:21)
    at model.Query.Query.then (C:\Users\Jelee\Desktop\codigo2023\pokeJs\node_modules\mongoose\lib\query.js:4996:15) {
  messageFormat: undefined,
  stringValue: '"392"',
  kind: 'ObjectId',
  value: '392',
  path: '_id',
  reason: BSONTypeError: Argument passed in must be a string of 12 bytes or a string of 24 hex characters or an integer
      at new BSONTypeError (C:\Users\Jelee\Desktop\codigo2023\pokeJs\node_modules\bson\lib\error.js:41:28)
      at new ObjectId (C:\Users\Jelee\Desktop\codigo2023\pokeJs\node_modules\bson\lib\objectid.js:67:23)
      at castObjectId (C:\Users\Jelee\Desktop\codigo2023\pokeJs\node_modules\mongoose\lib\cast\objectid.js:25:12)
      at ObjectId.cast (C:\Users\Jelee\Desktop\codigo2023\pokeJs\node_modules\mongoose\lib\schema\objectid.js:246:12)
      at ObjectId.SchemaType.applySetters (C:\Users\Jelee\Desktop\codigo2023\pokeJs\node_modules\mongoose\lib\schematype.js:1201:12)
      at ObjectId.SchemaType._castForQuery (C:\Users\Jelee\Desktop\codigo2023\pokeJs\node_modules\mongoose\lib\schematype.js:1648:15)
      at ObjectId.SchemaType.castForQuery (C:\Users\Jelee\Desktop\codigo2023\pokeJs\node_modules\mongoose\lib\schematype.js:1636:15)
      at ObjectId.SchemaType.castForQueryWrapper (C:\Users\Jelee\Desktop\codigo2023\pokeJs\node_modules\mongoose\lib\schematype.js:1612:20)
      at cast (C:\Users\Jelee\Desktop\codigo2023\pokeJs\node_modules\mongoose\lib\cast.js:342:32)
      at model.Query.Query.cast (C:\Users\Jelee\Desktop\codigo2023\pokeJs\node_modules\mongoose\lib\query.js:5325:12),
  valueType: 'string'
}
[2023-03-14T17:28:49.269] [ERROR] default - CastError: Cast to ObjectId failed for value "jere" (type string) at path "_id" for model "npcs"
    at model.Query.exec (C:\Users\Jelee\Desktop\codigo2023\pokeJs\node_modules\mongoose\lib\query.js:4897:21)
    at model.Query.Query.then (C:\Users\Jelee\Desktop\codigo2023\pokeJs\node_modules\mongoose\lib\query.js:4996:15)
    at processTicksAndRejections (node:internal/process/task_queues:96:5) {
  messageFormat: undefined,
  stringValue: '"jere"',
  kind: 'ObjectId',
  value: 'jere',
  path: '_id',
  reason: BSONTypeError: Argument passed in must be a string of 12 bytes or a string of 24 hex characters or an integer
      at new BSONTypeError (C:\Users\Jelee\Desktop\codigo2023\pokeJs\node_modules\bson\lib\error.js:41:28)
      at new ObjectId (C:\Users\Jelee\Desktop\codigo2023\pokeJs\node_modules\bson\lib\objectid.js:67:23)
      at castObjectId (C:\Users\Jelee\Desktop\codigo2023\pokeJs\node_modules\mongoose\lib\cast\objectid.js:25:12)
      at ObjectId.cast (C:\Users\Jelee\Desktop\codigo2023\pokeJs\node_modules\mongoose\lib\schema\objectid.js:246:12)
      at ObjectId.SchemaType.applySetters (C:\Users\Jelee\Desktop\codigo2023\pokeJs\node_modules\mongoose\lib\schematype.js:1201:12)
      at ObjectId.SchemaType._castForQuery (C:\Users\Jelee\Desktop\codigo2023\pokeJs\node_modules\mongoose\lib\schematype.js:1648:15)
      at ObjectId.SchemaType.castForQuery (C:\Users\Jelee\Desktop\codigo2023\pokeJs\node_modules\mongoose\lib\schematype.js:1636:15)
      at ObjectId.SchemaType.castForQueryWrapper (C:\Users\Jelee\Desktop\codigo2023\pokeJs\node_modules\mongoose\lib\schematype.js:1612:20)
      at cast (C:\Users\Jelee\Desktop\codigo2023\pokeJs\node_modules\mongoose\lib\cast.js:342:32)
      at model.Query.Query.cast (C:\Users\Jelee\Desktop\codigo2023\pokeJs\node_modules\mongoose\lib\query.js:5325:12),
  valueType: 'string'
}
[2023-03-14T17:29:31.742] [ERROR] default - CastError: Cast to ObjectId failed for value "jere" (type string) at path "_id" for model "npcs"
    at model.Query.exec (C:\Users\Jelee\Desktop\codigo2023\pokeJs\node_modules\mongoose\lib\query.js:4897:21)
    at model.Query.Query.then (C:\Users\Jelee\Desktop\codigo2023\pokeJs\node_modules\mongoose\lib\query.js:4996:15)
    at processTicksAndRejections (node:internal/process/task_queues:96:5) {
  messageFormat: undefined,
  stringValue: '"jere"',
  kind: 'ObjectId',
  value: 'jere',
  path: '_id',
  reason: BSONTypeError: Argument passed in must be a string of 12 bytes or a string of 24 hex characters or an integer
      at new BSONTypeError (C:\Users\Jelee\Desktop\codigo2023\pokeJs\node_modules\bson\lib\error.js:41:28)
      at new ObjectId (C:\Users\Jelee\Desktop\codigo2023\pokeJs\node_modules\bson\lib\objectid.js:67:23)
      at castObjectId (C:\Users\Jelee\Desktop\codigo2023\pokeJs\node_modules\mongoose\lib\cast\objectid.js:25:12)
      at ObjectId.cast (C:\Users\Jelee\Desktop\codigo2023\pokeJs\node_modules\mongoose\lib\schema\objectid.js:246:12)
      at ObjectId.SchemaType.applySetters (C:\Users\Jelee\Desktop\codigo2023\pokeJs\node_modules\mongoose\lib\schematype.js:1201:12)
      at ObjectId.SchemaType._castForQuery (C:\Users\Jelee\Desktop\codigo2023\pokeJs\node_modules\mongoose\lib\schematype.js:1648:15)
      at ObjectId.SchemaType.castForQuery (C:\Users\Jelee\Desktop\codigo2023\pokeJs\node_modules\mongoose\lib\schematype.js:1636:15)
      at ObjectId.SchemaType.castForQueryWrapper (C:\Users\Jelee\Desktop\codigo2023\pokeJs\node_modules\mongoose\lib\schematype.js:1612:20)
      at cast (C:\Users\Jelee\Desktop\codigo2023\pokeJs\node_modules\mongoose\lib\cast.js:342:32)
      at model.Query.Query.cast (C:\Users\Jelee\Desktop\codigo2023\pokeJs\node_modules\mongoose\lib\query.js:5325:12),
  valueType: 'string'
}
[2023-03-14T17:30:53.818] [ERROR] default - CastError: Cast to ObjectId failed for value "jere" (type string) at path "_id" for model "npcs"
    at model.Query.exec (C:\Users\Jelee\Desktop\codigo2023\pokeJs\node_modules\mongoose\lib\query.js:4897:21)
    at model.Query.Query.then (C:\Users\Jelee\Desktop\codigo2023\pokeJs\node_modules\mongoose\lib\query.js:4996:15)
    at processTicksAndRejections (node:internal/process/task_queues:96:5) {
  messageFormat: undefined,
  stringValue: '"jere"',
  kind: 'ObjectId',
  value: 'jere',
  path: '_id',
  reason: BSONTypeError: Argument passed in must be a string of 12 bytes or a string of 24 hex characters or an integer
      at new BSONTypeError (C:\Users\Jelee\Desktop\codigo2023\pokeJs\node_modules\bson\lib\error.js:41:28)
      at new ObjectId (C:\Users\Jelee\Desktop\codigo2023\pokeJs\node_modules\bson\lib\objectid.js:67:23)
      at castObjectId (C:\Users\Jelee\Desktop\codigo2023\pokeJs\node_modules\mongoose\lib\cast\objectid.js:25:12)
      at ObjectId.cast (C:\Users\Jelee\Desktop\codigo2023\pokeJs\node_modules\mongoose\lib\schema\objectid.js:246:12)
      at ObjectId.SchemaType.applySetters (C:\Users\Jelee\Desktop\codigo2023\pokeJs\node_modules\mongoose\lib\schematype.js:1201:12)
      at ObjectId.SchemaType._castForQuery (C:\Users\Jelee\Desktop\codigo2023\pokeJs\node_modules\mongoose\lib\schematype.js:1648:15)
      at ObjectId.SchemaType.castForQuery (C:\Users\Jelee\Desktop\codigo2023\pokeJs\node_modules\mongoose\lib\schematype.js:1636:15)
      at ObjectId.SchemaType.castForQueryWrapper (C:\Users\Jelee\Desktop\codigo2023\pokeJs\node_modules\mongoose\lib\schematype.js:1612:20)
      at cast (C:\Users\Jelee\Desktop\codigo2023\pokeJs\node_modules\mongoose\lib\cast.js:342:32)
      at model.Query.Query.cast (C:\Users\Jelee\Desktop\codigo2023\pokeJs\node_modules\mongoose\lib\query.js:5325:12),
  valueType: 'string'
}
[2023-03-14T17:31:43.940] [ERROR] default - CastError: Cast to ObjectId failed for value "jere" (type string) at path "_id" for model "npcs"
    at model.Query.exec (C:\Users\Jelee\Desktop\codigo2023\pokeJs\node_modules\mongoose\lib\query.js:4897:21)
    at model.Query.Query.then (C:\Users\Jelee\Desktop\codigo2023\pokeJs\node_modules\mongoose\lib\query.js:4996:15)
    at processTicksAndRejections (node:internal/process/task_queues:96:5) {
  messageFormat: undefined,
  stringValue: '"jere"',
  kind: 'ObjectId',
  value: 'jere',
  path: '_id',
  reason: BSONTypeError: Argument passed in must be a string of 12 bytes or a string of 24 hex characters or an integer
      at new BSONTypeError (C:\Users\Jelee\Desktop\codigo2023\pokeJs\node_modules\bson\lib\error.js:41:28)
      at new ObjectId (C:\Users\Jelee\Desktop\codigo2023\pokeJs\node_modules\bson\lib\objectid.js:67:23)
      at castObjectId (C:\Users\Jelee\Desktop\codigo2023\pokeJs\node_modules\mongoose\lib\cast\objectid.js:25:12)
      at ObjectId.cast (C:\Users\Jelee\Desktop\codigo2023\pokeJs\node_modules\mongoose\lib\schema\objectid.js:246:12)
      at ObjectId.SchemaType.applySetters (C:\Users\Jelee\Desktop\codigo2023\pokeJs\node_modules\mongoose\lib\schematype.js:1201:12)
      at ObjectId.SchemaType._castForQuery (C:\Users\Jelee\Desktop\codigo2023\pokeJs\node_modules\mongoose\lib\schematype.js:1648:15)
      at ObjectId.SchemaType.castForQuery (C:\Users\Jelee\Desktop\codigo2023\pokeJs\node_modules\mongoose\lib\schematype.js:1636:15)
      at ObjectId.SchemaType.castForQueryWrapper (C:\Users\Jelee\Desktop\codigo2023\pokeJs\node_modules\mongoose\lib\schematype.js:1612:20)
      at cast (C:\Users\Jelee\Desktop\codigo2023\pokeJs\node_modules\mongoose\lib\cast.js:342:32)
      at model.Query.Query.cast (C:\Users\Jelee\Desktop\codigo2023\pokeJs\node_modules\mongoose\lib\query.js:5325:12),
  valueType: 'string'
}
[2023-03-14T17:31:50.684] [ERROR] default - CastError: Cast to ObjectId failed for value "jere" (type string) at path "_id" for model "npcs"
    at model.Query.exec (C:\Users\Jelee\Desktop\codigo2023\pokeJs\node_modules\mongoose\lib\query.js:4897:21)
    at model.Query.Query.then (C:\Users\Jelee\Desktop\codigo2023\pokeJs\node_modules\mongoose\lib\query.js:4996:15)
    at processTicksAndRejections (node:internal/process/task_queues:96:5) {
  messageFormat: undefined,
  stringValue: '"jere"',
  kind: 'ObjectId',
  value: 'jere',
  path: '_id',
  reason: BSONTypeError: Argument passed in must be a string of 12 bytes or a string of 24 hex characters or an integer
      at new BSONTypeError (C:\Users\Jelee\Desktop\codigo2023\pokeJs\node_modules\bson\lib\error.js:41:28)
      at new ObjectId (C:\Users\Jelee\Desktop\codigo2023\pokeJs\node_modules\bson\lib\objectid.js:67:23)
      at castObjectId (C:\Users\Jelee\Desktop\codigo2023\pokeJs\node_modules\mongoose\lib\cast\objectid.js:25:12)
      at ObjectId.cast (C:\Users\Jelee\Desktop\codigo2023\pokeJs\node_modules\mongoose\lib\schema\objectid.js:246:12)
      at ObjectId.SchemaType.applySetters (C:\Users\Jelee\Desktop\codigo2023\pokeJs\node_modules\mongoose\lib\schematype.js:1201:12)
      at ObjectId.SchemaType._castForQuery (C:\Users\Jelee\Desktop\codigo2023\pokeJs\node_modules\mongoose\lib\schematype.js:1648:15)
      at ObjectId.SchemaType.castForQuery (C:\Users\Jelee\Desktop\codigo2023\pokeJs\node_modules\mongoose\lib\schematype.js:1636:15)
      at ObjectId.SchemaType.castForQueryWrapper (C:\Users\Jelee\Desktop\codigo2023\pokeJs\node_modules\mongoose\lib\schematype.js:1612:20)
      at cast (C:\Users\Jelee\Desktop\codigo2023\pokeJs\node_modules\mongoose\lib\cast.js:342:32)
      at model.Query.Query.cast (C:\Users\Jelee\Desktop\codigo2023\pokeJs\node_modules\mongoose\lib\query.js:5325:12),
  valueType: 'string'
}
[2023-03-14T17:32:24.799] [ERROR] default - CastError: Cast to ObjectId failed for value "jere" (type string) at path "_id" for model "npcs"
    at model.Query.exec (C:\Users\Jelee\Desktop\codigo2023\pokeJs\node_modules\mongoose\lib\query.js:4897:21)
    at model.Query.Query.then (C:\Users\Jelee\Desktop\codigo2023\pokeJs\node_modules\mongoose\lib\query.js:4996:15)
    at processTicksAndRejections (node:internal/process/task_queues:96:5) {
  messageFormat: undefined,
  stringValue: '"jere"',
  kind: 'ObjectId',
  value: 'jere',
  path: '_id',
  reason: BSONTypeError: Argument passed in must be a string of 12 bytes or a string of 24 hex characters or an integer
      at new BSONTypeError (C:\Users\Jelee\Desktop\codigo2023\pokeJs\node_modules\bson\lib\error.js:41:28)
      at new ObjectId (C:\Users\Jelee\Desktop\codigo2023\pokeJs\node_modules\bson\lib\objectid.js:67:23)
      at castObjectId (C:\Users\Jelee\Desktop\codigo2023\pokeJs\node_modules\mongoose\lib\cast\objectid.js:25:12)
      at ObjectId.cast (C:\Users\Jelee\Desktop\codigo2023\pokeJs\node_modules\mongoose\lib\schema\objectid.js:246:12)
      at ObjectId.SchemaType.applySetters (C:\Users\Jelee\Desktop\codigo2023\pokeJs\node_modules\mongoose\lib\schematype.js:1201:12)
      at ObjectId.SchemaType._castForQuery (C:\Users\Jelee\Desktop\codigo2023\pokeJs\node_modules\mongoose\lib\schematype.js:1648:15)
      at ObjectId.SchemaType.castForQuery (C:\Users\Jelee\Desktop\codigo2023\pokeJs\node_modules\mongoose\lib\schematype.js:1636:15)
      at ObjectId.SchemaType.castForQueryWrapper (C:\Users\Jelee\Desktop\codigo2023\pokeJs\node_modules\mongoose\lib\schematype.js:1612:20)
      at cast (C:\Users\Jelee\Desktop\codigo2023\pokeJs\node_modules\mongoose\lib\cast.js:342:32)
      at model.Query.Query.cast (C:\Users\Jelee\Desktop\codigo2023\pokeJs\node_modules\mongoose\lib\query.js:5325:12),
  valueType: 'string'
}
[2023-03-14T17:32:29.642] [ERROR] default - CastError: Cast to ObjectId failed for value "jere" (type string) at path "_id" for model "npcs"
    at model.Query.exec (C:\Users\Jelee\Desktop\codigo2023\pokeJs\node_modules\mongoose\lib\query.js:4897:21)
    at model.Query.Query.then (C:\Users\Jelee\Desktop\codigo2023\pokeJs\node_modules\mongoose\lib\query.js:4996:15)
    at processTicksAndRejections (node:internal/process/task_queues:96:5) {
  messageFormat: undefined,
  stringValue: '"jere"',
  kind: 'ObjectId',
  value: 'jere',
  path: '_id',
  reason: BSONTypeError: Argument passed in must be a string of 12 bytes or a string of 24 hex characters or an integer
      at new BSONTypeError (C:\Users\Jelee\Desktop\codigo2023\pokeJs\node_modules\bson\lib\error.js:41:28)
      at new ObjectId (C:\Users\Jelee\Desktop\codigo2023\pokeJs\node_modules\bson\lib\objectid.js:67:23)
      at castObjectId (C:\Users\Jelee\Desktop\codigo2023\pokeJs\node_modules\mongoose\lib\cast\objectid.js:25:12)
      at ObjectId.cast (C:\Users\Jelee\Desktop\codigo2023\pokeJs\node_modules\mongoose\lib\schema\objectid.js:246:12)
      at ObjectId.SchemaType.applySetters (C:\Users\Jelee\Desktop\codigo2023\pokeJs\node_modules\mongoose\lib\schematype.js:1201:12)
      at ObjectId.SchemaType._castForQuery (C:\Users\Jelee\Desktop\codigo2023\pokeJs\node_modules\mongoose\lib\schematype.js:1648:15)
      at ObjectId.SchemaType.castForQuery (C:\Users\Jelee\Desktop\codigo2023\pokeJs\node_modules\mongoose\lib\schematype.js:1636:15)
      at ObjectId.SchemaType.castForQueryWrapper (C:\Users\Jelee\Desktop\codigo2023\pokeJs\node_modules\mongoose\lib\schematype.js:1612:20)
      at cast (C:\Users\Jelee\Desktop\codigo2023\pokeJs\node_modules\mongoose\lib\cast.js:342:32)
      at model.Query.Query.cast (C:\Users\Jelee\Desktop\codigo2023\pokeJs\node_modules\mongoose\lib\query.js:5325:12),
  valueType: 'string'
}
[2023-03-14T17:32:30.612] [ERROR] default - CastError: Cast to ObjectId failed for value "jere" (type string) at path "_id" for model "npcs"
    at model.Query.exec (C:\Users\Jelee\Desktop\codigo2023\pokeJs\node_modules\mongoose\lib\query.js:4897:21)
    at model.Query.Query.then (C:\Users\Jelee\Desktop\codigo2023\pokeJs\node_modules\mongoose\lib\query.js:4996:15)
    at processTicksAndRejections (node:internal/process/task_queues:96:5) {
  messageFormat: undefined,
  stringValue: '"jere"',
  kind: 'ObjectId',
  value: 'jere',
  path: '_id',
  reason: BSONTypeError: Argument passed in must be a string of 12 bytes or a string of 24 hex characters or an integer
      at new BSONTypeError (C:\Users\Jelee\Desktop\codigo2023\pokeJs\node_modules\bson\lib\error.js:41:28)
      at new ObjectId (C:\Users\Jelee\Desktop\codigo2023\pokeJs\node_modules\bson\lib\objectid.js:67:23)
      at castObjectId (C:\Users\Jelee\Desktop\codigo2023\pokeJs\node_modules\mongoose\lib\cast\objectid.js:25:12)
      at ObjectId.cast (C:\Users\Jelee\Desktop\codigo2023\pokeJs\node_modules\mongoose\lib\schema\objectid.js:246:12)
      at ObjectId.SchemaType.applySetters (C:\Users\Jelee\Desktop\codigo2023\pokeJs\node_modules\mongoose\lib\schematype.js:1201:12)
      at ObjectId.SchemaType._castForQuery (C:\Users\Jelee\Desktop\codigo2023\pokeJs\node_modules\mongoose\lib\schematype.js:1648:15)
      at ObjectId.SchemaType.castForQuery (C:\Users\Jelee\Desktop\codigo2023\pokeJs\node_modules\mongoose\lib\schematype.js:1636:15)
      at ObjectId.SchemaType.castForQueryWrapper (C:\Users\Jelee\Desktop\codigo2023\pokeJs\node_modules\mongoose\lib\schematype.js:1612:20)
      at cast (C:\Users\Jelee\Desktop\codigo2023\pokeJs\node_modules\mongoose\lib\cast.js:342:32)
      at model.Query.Query.cast (C:\Users\Jelee\Desktop\codigo2023\pokeJs\node_modules\mongoose\lib\query.js:5325:12),
  valueType: 'string'
}
[2023-03-14T17:34:30.032] [ERROR] default - CastError: Cast to ObjectId failed for value "jere" (type string) at path "_id" for model "npcs"
    at model.Query.exec (C:\Users\Jelee\Desktop\codigo2023\pokeJs\node_modules\mongoose\lib\query.js:4897:21)
    at model.Query.Query.then (C:\Users\Jelee\Desktop\codigo2023\pokeJs\node_modules\mongoose\lib\query.js:4996:15)
    at processTicksAndRejections (node:internal/process/task_queues:96:5) {
  messageFormat: undefined,
  stringValue: '"jere"',
  kind: 'ObjectId',
  value: 'jere',
  path: '_id',
  reason: BSONTypeError: Argument passed in must be a string of 12 bytes or a string of 24 hex characters or an integer
      at new BSONTypeError (C:\Users\Jelee\Desktop\codigo2023\pokeJs\node_modules\bson\lib\error.js:41:28)
      at new ObjectId (C:\Users\Jelee\Desktop\codigo2023\pokeJs\node_modules\bson\lib\objectid.js:67:23)
      at castObjectId (C:\Users\Jelee\Desktop\codigo2023\pokeJs\node_modules\mongoose\lib\cast\objectid.js:25:12)
      at ObjectId.cast (C:\Users\Jelee\Desktop\codigo2023\pokeJs\node_modules\mongoose\lib\schema\objectid.js:246:12)
      at ObjectId.SchemaType.applySetters (C:\Users\Jelee\Desktop\codigo2023\pokeJs\node_modules\mongoose\lib\schematype.js:1201:12)
      at ObjectId.SchemaType._castForQuery (C:\Users\Jelee\Desktop\codigo2023\pokeJs\node_modules\mongoose\lib\schematype.js:1648:15)
      at ObjectId.SchemaType.castForQuery (C:\Users\Jelee\Desktop\codigo2023\pokeJs\node_modules\mongoose\lib\schematype.js:1636:15)
      at ObjectId.SchemaType.castForQueryWrapper (C:\Users\Jelee\Desktop\codigo2023\pokeJs\node_modules\mongoose\lib\schematype.js:1612:20)
      at cast (C:\Users\Jelee\Desktop\codigo2023\pokeJs\node_modules\mongoose\lib\cast.js:342:32)
      at model.Query.Query.cast (C:\Users\Jelee\Desktop\codigo2023\pokeJs\node_modules\mongoose\lib\query.js:5325:12),
  valueType: 'string'
}
[2023-03-14T21:20:04.325] [ERROR] default - Error: Validation failed: pokemons.2.types.one: Path `types.one` is required., pokemons.2.idPokedex: Path `idPokedex` is required.
    at ValidationError.inspect (C:\Users\Jelee\Desktop\codigo2023\pokeJs\node_modules\mongoose\lib\error\validation.js:50:26)
    at formatValue (node:internal/util/inspect:782:19)
    at inspect (node:internal/util/inspect:347:10)
    at formatWithOptionsInternal (node:internal/util/inspect:2167:40)
    at Object.format (node:internal/util/inspect:2021:10)
    at basicLayout (C:\Users\Jelee\Desktop\codigo2023\pokeJs\node_modules\log4js\lib\layouts.js:65:52)
    at app (C:\Users\Jelee\Desktop\codigo2023\pokeJs\node_modules\log4js\lib\appenders\file.js:98:23)
    at C:\Users\Jelee\Desktop\codigo2023\pokeJs\node_modules\log4js\lib\appenders\logLevelFilter.js:10:7
    at C:\Users\Jelee\Desktop\codigo2023\pokeJs\node_modules\log4js\lib\log4js.js:43:5
    at Array.forEach (<anonymous>) {
  errors: {
    'pokemons.2.types.one': ValidatorError: Path `types.one` is required.
        at validate (C:\Users\Jelee\Desktop\codigo2023\pokeJs\node_modules\mongoose\lib\schematype.js:1346:13)
        at SchemaString.SchemaType.doValidate (C:\Users\Jelee\Desktop\codigo2023\pokeJs\node_modules\mongoose\lib\schematype.js:1330:7)
        at C:\Users\Jelee\Desktop\codigo2023\pokeJs\node_modules\mongoose\lib\document.js:2903:18
        at processTicksAndRejections (node:internal/process/task_queues:78:11) {
      properties: [Object],
      kind: 'required',
      path: 'pokemons.2.types.one',
      value: undefined,
      reason: undefined,
      [Symbol(mongoose:validatorError)]: true
    },
    'pokemons.2.idPokedex': ValidatorError: Path `idPokedex` is required.
        at validate (C:\Users\Jelee\Desktop\codigo2023\pokeJs\node_modules\mongoose\lib\schematype.js:1346:13)
        at SchemaNumber.SchemaType.doValidate (C:\Users\Jelee\Desktop\codigo2023\pokeJs\node_modules\mongoose\lib\schematype.js:1330:7)
        at C:\Users\Jelee\Desktop\codigo2023\pokeJs\node_modules\mongoose\lib\document.js:2903:18
        at processTicksAndRejections (node:internal/process/task_queues:78:11) {
      properties: [Object],
      kind: 'required',
      path: 'pokemons.2.idPokedex',
      value: undefined,
      reason: undefined,
      [Symbol(mongoose:validatorError)]: true
    }
  },
  _message: 'Validation failed'
}
[2023-03-14T21:21:44.746] [ERROR] default - Error: Validation failed: pokemons.2.types.one: Path `types.one` is required.
    at ValidationError.inspect (C:\Users\Jelee\Desktop\codigo2023\pokeJs\node_modules\mongoose\lib\error\validation.js:50:26)
    at formatValue (node:internal/util/inspect:782:19)
    at inspect (node:internal/util/inspect:347:10)
    at formatWithOptionsInternal (node:internal/util/inspect:2167:40)
    at Object.format (node:internal/util/inspect:2021:10)
    at basicLayout (C:\Users\Jelee\Desktop\codigo2023\pokeJs\node_modules\log4js\lib\layouts.js:65:52)
    at app (C:\Users\Jelee\Desktop\codigo2023\pokeJs\node_modules\log4js\lib\appenders\file.js:98:23)
    at C:\Users\Jelee\Desktop\codigo2023\pokeJs\node_modules\log4js\lib\appenders\logLevelFilter.js:10:7
    at C:\Users\Jelee\Desktop\codigo2023\pokeJs\node_modules\log4js\lib\log4js.js:43:5
    at Array.forEach (<anonymous>) {
  errors: {
    'pokemons.2.types.one': ValidatorError: Path `types.one` is required.
        at validate (C:\Users\Jelee\Desktop\codigo2023\pokeJs\node_modules\mongoose\lib\schematype.js:1346:13)
        at SchemaString.SchemaType.doValidate (C:\Users\Jelee\Desktop\codigo2023\pokeJs\node_modules\mongoose\lib\schematype.js:1330:7)
        at C:\Users\Jelee\Desktop\codigo2023\pokeJs\node_modules\mongoose\lib\document.js:2903:18
        at processTicksAndRejections (node:internal/process/task_queues:78:11) {
      properties: [Object],
      kind: 'required',
      path: 'pokemons.2.types.one',
      value: undefined,
      reason: undefined,
      [Symbol(mongoose:validatorError)]: true
    }
  },
  _message: 'Validation failed'
}
[2023-03-14T21:22:37.030] [ERROR] default - Error: Validation failed: pokemons.2.types.one: Path `types.one` is required.
    at ValidationError.inspect (C:\Users\Jelee\Desktop\codigo2023\pokeJs\node_modules\mongoose\lib\error\validation.js:50:26)
    at formatValue (node:internal/util/inspect:782:19)
    at inspect (node:internal/util/inspect:347:10)
    at formatWithOptionsInternal (node:internal/util/inspect:2167:40)
    at Object.format (node:internal/util/inspect:2021:10)
    at basicLayout (C:\Users\Jelee\Desktop\codigo2023\pokeJs\node_modules\log4js\lib\layouts.js:65:52)
    at app (C:\Users\Jelee\Desktop\codigo2023\pokeJs\node_modules\log4js\lib\appenders\file.js:98:23)
    at C:\Users\Jelee\Desktop\codigo2023\pokeJs\node_modules\log4js\lib\appenders\logLevelFilter.js:10:7
    at C:\Users\Jelee\Desktop\codigo2023\pokeJs\node_modules\log4js\lib\log4js.js:43:5
    at Array.forEach (<anonymous>) {
  errors: {
    'pokemons.2.types.one': ValidatorError: Path `types.one` is required.
        at validate (C:\Users\Jelee\Desktop\codigo2023\pokeJs\node_modules\mongoose\lib\schematype.js:1346:13)
        at SchemaString.SchemaType.doValidate (C:\Users\Jelee\Desktop\codigo2023\pokeJs\node_modules\mongoose\lib\schematype.js:1330:7)
        at C:\Users\Jelee\Desktop\codigo2023\pokeJs\node_modules\mongoose\lib\document.js:2903:18
        at processTicksAndRejections (node:internal/process/task_queues:78:11) {
      properties: [Object],
      kind: 'required',
      path: 'pokemons.2.types.one',
      value: null,
      reason: undefined,
      [Symbol(mongoose:validatorError)]: true
    }
  },
  _message: 'Validation failed'
}
[2023-03-14T21:59:20.480] [ERROR] default - Error: pc validation failed: pokemons.0.types.one: Path `types.one` is required.
    at ValidationError.inspect (C:\Users\Jelee\Desktop\codigo2023\pokeJs\node_modules\mongoose\lib\error\validation.js:50:26)
    at formatValue (node:internal/util/inspect:782:19)
    at inspect (node:internal/util/inspect:347:10)
    at formatWithOptionsInternal (node:internal/util/inspect:2167:40)
    at Object.format (node:internal/util/inspect:2021:10)
    at basicLayout (C:\Users\Jelee\Desktop\codigo2023\pokeJs\node_modules\log4js\lib\layouts.js:65:52)
    at app (C:\Users\Jelee\Desktop\codigo2023\pokeJs\node_modules\log4js\lib\appenders\file.js:98:23)
    at C:\Users\Jelee\Desktop\codigo2023\pokeJs\node_modules\log4js\lib\appenders\logLevelFilter.js:10:7
    at C:\Users\Jelee\Desktop\codigo2023\pokeJs\node_modules\log4js\lib\log4js.js:43:5
    at Array.forEach (<anonymous>) {
  errors: {
    'pokemons.0.types.one': ValidatorError: Path `types.one` is required.
        at validate (C:\Users\Jelee\Desktop\codigo2023\pokeJs\node_modules\mongoose\lib\schematype.js:1346:13)
        at SchemaString.SchemaType.doValidate (C:\Users\Jelee\Desktop\codigo2023\pokeJs\node_modules\mongoose\lib\schematype.js:1330:7)
        at C:\Users\Jelee\Desktop\codigo2023\pokeJs\node_modules\mongoose\lib\document.js:2903:18
        at processTicksAndRejections (node:internal/process/task_queues:78:11) {
      properties: [Object],
      kind: 'required',
      path: 'types.one',
      value: undefined,
      reason: undefined,
      [Symbol(mongoose:validatorError)]: true
    }
  },
  _message: 'pc validation failed'
}
[2023-03-14T21:59:35.364] [ERROR] default - Error: pc validation failed: pokemons.0.types.one: Path `types.one` is required.
    at ValidationError.inspect (C:\Users\Jelee\Desktop\codigo2023\pokeJs\node_modules\mongoose\lib\error\validation.js:50:26)
    at formatValue (node:internal/util/inspect:782:19)
    at inspect (node:internal/util/inspect:347:10)
    at formatWithOptionsInternal (node:internal/util/inspect:2167:40)
    at Object.format (node:internal/util/inspect:2021:10)
    at basicLayout (C:\Users\Jelee\Desktop\codigo2023\pokeJs\node_modules\log4js\lib\layouts.js:65:52)
    at app (C:\Users\Jelee\Desktop\codigo2023\pokeJs\node_modules\log4js\lib\appenders\file.js:98:23)
    at C:\Users\Jelee\Desktop\codigo2023\pokeJs\node_modules\log4js\lib\appenders\logLevelFilter.js:10:7
    at C:\Users\Jelee\Desktop\codigo2023\pokeJs\node_modules\log4js\lib\log4js.js:43:5
    at Array.forEach (<anonymous>) {
  errors: {
    'pokemons.0.types.one': ValidatorError: Path `types.one` is required.
        at validate (C:\Users\Jelee\Desktop\codigo2023\pokeJs\node_modules\mongoose\lib\schematype.js:1346:13)
        at SchemaString.SchemaType.doValidate (C:\Users\Jelee\Desktop\codigo2023\pokeJs\node_modules\mongoose\lib\schematype.js:1330:7)
        at C:\Users\Jelee\Desktop\codigo2023\pokeJs\node_modules\mongoose\lib\document.js:2903:18
        at processTicksAndRejections (node:internal/process/task_queues:78:11) {
      properties: [Object],
      kind: 'required',
      path: 'types.one',
      value: undefined,
      reason: undefined,
      [Symbol(mongoose:validatorError)]: true
    }
  },
  _message: 'pc validation failed'
}
[2023-03-14T23:31:06.343] [ERROR] default - Error: pc validation failed: pokemons.0.image.front: Path `image.front` is required.
    at ValidationError.inspect (C:\Users\Jelee\Desktop\codigo2023\pokeJs\node_modules\mongoose\lib\error\validation.js:50:26)
    at formatValue (node:internal/util/inspect:782:19)
    at inspect (node:internal/util/inspect:347:10)
    at formatWithOptionsInternal (node:internal/util/inspect:2167:40)
    at Object.format (node:internal/util/inspect:2021:10)
    at basicLayout (C:\Users\Jelee\Desktop\codigo2023\pokeJs\node_modules\log4js\lib\layouts.js:65:52)
    at app (C:\Users\Jelee\Desktop\codigo2023\pokeJs\node_modules\log4js\lib\appenders\file.js:98:23)
    at C:\Users\Jelee\Desktop\codigo2023\pokeJs\node_modules\log4js\lib\appenders\logLevelFilter.js:10:7
    at C:\Users\Jelee\Desktop\codigo2023\pokeJs\node_modules\log4js\lib\log4js.js:43:5
    at Array.forEach (<anonymous>) {
  errors: {
    'pokemons.0.image.front': ValidatorError: Path `image.front` is required.
        at validate (C:\Users\Jelee\Desktop\codigo2023\pokeJs\node_modules\mongoose\lib\schematype.js:1346:13)
        at SchemaString.SchemaType.doValidate (C:\Users\Jelee\Desktop\codigo2023\pokeJs\node_modules\mongoose\lib\schematype.js:1330:7)
        at C:\Users\Jelee\Desktop\codigo2023\pokeJs\node_modules\mongoose\lib\document.js:2903:18
        at processTicksAndRejections (node:internal/process/task_queues:78:11) {
      properties: [Object],
      kind: 'required',
      path: 'image.front',
      value: undefined,
      reason: undefined,
      [Symbol(mongoose:validatorError)]: true
    }
  },
  _message: 'pc validation failed'
}
[2023-03-14T23:31:30.249] [ERROR] default - Error: pc validation failed: pokemons.0.image.front: Path `image.front` is required.
    at ValidationError.inspect (C:\Users\Jelee\Desktop\codigo2023\pokeJs\node_modules\mongoose\lib\error\validation.js:50:26)
    at formatValue (node:internal/util/inspect:782:19)
    at inspect (node:internal/util/inspect:347:10)
    at formatWithOptionsInternal (node:internal/util/inspect:2167:40)
    at Object.format (node:internal/util/inspect:2021:10)
    at basicLayout (C:\Users\Jelee\Desktop\codigo2023\pokeJs\node_modules\log4js\lib\layouts.js:65:52)
    at app (C:\Users\Jelee\Desktop\codigo2023\pokeJs\node_modules\log4js\lib\appenders\file.js:98:23)
    at C:\Users\Jelee\Desktop\codigo2023\pokeJs\node_modules\log4js\lib\appenders\logLevelFilter.js:10:7
    at C:\Users\Jelee\Desktop\codigo2023\pokeJs\node_modules\log4js\lib\log4js.js:43:5
    at Array.forEach (<anonymous>) {
  errors: {
    'pokemons.0.image.front': ValidatorError: Path `image.front` is required.
        at validate (C:\Users\Jelee\Desktop\codigo2023\pokeJs\node_modules\mongoose\lib\schematype.js:1346:13)
        at SchemaString.SchemaType.doValidate (C:\Users\Jelee\Desktop\codigo2023\pokeJs\node_modules\mongoose\lib\schematype.js:1330:7)
        at C:\Users\Jelee\Desktop\codigo2023\pokeJs\node_modules\mongoose\lib\document.js:2903:18
        at processTicksAndRejections (node:internal/process/task_queues:78:11) {
      properties: [Object],
      kind: 'required',
      path: 'image.front',
      value: undefined,
      reason: undefined,
      [Symbol(mongoose:validatorError)]: true
    }
  },
  _message: 'pc validation failed'
}
[2023-03-14T23:32:29.370] [ERROR] default - Error: pc validation failed: pokemons.0.image.front: Path `image.front` is required.
    at ValidationError.inspect (C:\Users\Jelee\Desktop\codigo2023\pokeJs\node_modules\mongoose\lib\error\validation.js:50:26)
    at formatValue (node:internal/util/inspect:782:19)
    at inspect (node:internal/util/inspect:347:10)
    at formatWithOptionsInternal (node:internal/util/inspect:2167:40)
    at Object.format (node:internal/util/inspect:2021:10)
    at basicLayout (C:\Users\Jelee\Desktop\codigo2023\pokeJs\node_modules\log4js\lib\layouts.js:65:52)
    at app (C:\Users\Jelee\Desktop\codigo2023\pokeJs\node_modules\log4js\lib\appenders\file.js:98:23)
    at C:\Users\Jelee\Desktop\codigo2023\pokeJs\node_modules\log4js\lib\appenders\logLevelFilter.js:10:7
    at C:\Users\Jelee\Desktop\codigo2023\pokeJs\node_modules\log4js\lib\log4js.js:43:5
    at Array.forEach (<anonymous>) {
  errors: {
    'pokemons.0.image.front': ValidatorError: Path `image.front` is required.
        at validate (C:\Users\Jelee\Desktop\codigo2023\pokeJs\node_modules\mongoose\lib\schematype.js:1346:13)
        at SchemaString.SchemaType.doValidate (C:\Users\Jelee\Desktop\codigo2023\pokeJs\node_modules\mongoose\lib\schematype.js:1330:7)
        at C:\Users\Jelee\Desktop\codigo2023\pokeJs\node_modules\mongoose\lib\document.js:2903:18
        at processTicksAndRejections (node:internal/process/task_queues:78:11) {
      properties: [Object],
      kind: 'required',
      path: 'image.front',
      value: undefined,
      reason: undefined,
      [Symbol(mongoose:validatorError)]: true
    }
  },
  _message: 'pc validation failed'
}
[2023-03-14T23:35:45.997] [ERROR] default - Error: pc validation failed: pokemons.0.image.front: Path `image.front` is required.
    at ValidationError.inspect (C:\Users\Jelee\Desktop\codigo2023\pokeJs\node_modules\mongoose\lib\error\validation.js:50:26)
    at formatValue (node:internal/util/inspect:782:19)
    at inspect (node:internal/util/inspect:347:10)
    at formatWithOptionsInternal (node:internal/util/inspect:2167:40)
    at Object.format (node:internal/util/inspect:2021:10)
    at basicLayout (C:\Users\Jelee\Desktop\codigo2023\pokeJs\node_modules\log4js\lib\layouts.js:65:52)
    at app (C:\Users\Jelee\Desktop\codigo2023\pokeJs\node_modules\log4js\lib\appenders\file.js:98:23)
    at C:\Users\Jelee\Desktop\codigo2023\pokeJs\node_modules\log4js\lib\appenders\logLevelFilter.js:10:7
    at C:\Users\Jelee\Desktop\codigo2023\pokeJs\node_modules\log4js\lib\log4js.js:43:5
    at Array.forEach (<anonymous>) {
  errors: {
    'pokemons.0.image.front': ValidatorError: Path `image.front` is required.
        at validate (C:\Users\Jelee\Desktop\codigo2023\pokeJs\node_modules\mongoose\lib\schematype.js:1346:13)
        at SchemaString.SchemaType.doValidate (C:\Users\Jelee\Desktop\codigo2023\pokeJs\node_modules\mongoose\lib\schematype.js:1330:7)
        at C:\Users\Jelee\Desktop\codigo2023\pokeJs\node_modules\mongoose\lib\document.js:2903:18
        at processTicksAndRejections (node:internal/process/task_queues:78:11) {
      properties: [Object],
      kind: 'required',
      path: 'image.front',
      value: undefined,
      reason: undefined,
      [Symbol(mongoose:validatorError)]: true
    }
  },
  _message: 'pc validation failed'
}
[2023-03-14T23:36:06.192] [ERROR] default - Error: pc validation failed: pokemons.0.image.front: Path `image.front` is required.
    at ValidationError.inspect (C:\Users\Jelee\Desktop\codigo2023\pokeJs\node_modules\mongoose\lib\error\validation.js:50:26)
    at formatValue (node:internal/util/inspect:782:19)
    at inspect (node:internal/util/inspect:347:10)
    at formatWithOptionsInternal (node:internal/util/inspect:2167:40)
    at Object.format (node:internal/util/inspect:2021:10)
    at basicLayout (C:\Users\Jelee\Desktop\codigo2023\pokeJs\node_modules\log4js\lib\layouts.js:65:52)
    at app (C:\Users\Jelee\Desktop\codigo2023\pokeJs\node_modules\log4js\lib\appenders\file.js:98:23)
    at C:\Users\Jelee\Desktop\codigo2023\pokeJs\node_modules\log4js\lib\appenders\logLevelFilter.js:10:7
    at C:\Users\Jelee\Desktop\codigo2023\pokeJs\node_modules\log4js\lib\log4js.js:43:5
    at Array.forEach (<anonymous>) {
  errors: {
    'pokemons.0.image.front': ValidatorError: Path `image.front` is required.
        at validate (C:\Users\Jelee\Desktop\codigo2023\pokeJs\node_modules\mongoose\lib\schematype.js:1346:13)
        at SchemaString.SchemaType.doValidate (C:\Users\Jelee\Desktop\codigo2023\pokeJs\node_modules\mongoose\lib\schematype.js:1330:7)
        at C:\Users\Jelee\Desktop\codigo2023\pokeJs\node_modules\mongoose\lib\document.js:2903:18
        at processTicksAndRejections (node:internal/process/task_queues:78:11) {
      properties: [Object],
      kind: 'required',
      path: 'image.front',
      value: undefined,
      reason: undefined,
      [Symbol(mongoose:validatorError)]: true
    }
  },
  _message: 'pc validation failed'
}
[2023-03-14T23:36:30.595] [ERROR] default - Error: pc validation failed: pokemons.0.image.front: Path `image.front` is required.
    at ValidationError.inspect (C:\Users\Jelee\Desktop\codigo2023\pokeJs\node_modules\mongoose\lib\error\validation.js:50:26)
    at formatValue (node:internal/util/inspect:782:19)
    at inspect (node:internal/util/inspect:347:10)
    at formatWithOptionsInternal (node:internal/util/inspect:2167:40)
    at Object.format (node:internal/util/inspect:2021:10)
    at basicLayout (C:\Users\Jelee\Desktop\codigo2023\pokeJs\node_modules\log4js\lib\layouts.js:65:52)
    at app (C:\Users\Jelee\Desktop\codigo2023\pokeJs\node_modules\log4js\lib\appenders\file.js:98:23)
    at C:\Users\Jelee\Desktop\codigo2023\pokeJs\node_modules\log4js\lib\appenders\logLevelFilter.js:10:7
    at C:\Users\Jelee\Desktop\codigo2023\pokeJs\node_modules\log4js\lib\log4js.js:43:5
    at Array.forEach (<anonymous>) {
  errors: {
    'pokemons.0.image.front': ValidatorError: Path `image.front` is required.
        at validate (C:\Users\Jelee\Desktop\codigo2023\pokeJs\node_modules\mongoose\lib\schematype.js:1346:13)
        at SchemaString.SchemaType.doValidate (C:\Users\Jelee\Desktop\codigo2023\pokeJs\node_modules\mongoose\lib\schematype.js:1330:7)
        at C:\Users\Jelee\Desktop\codigo2023\pokeJs\node_modules\mongoose\lib\document.js:2903:18
        at processTicksAndRejections (node:internal/process/task_queues:78:11) {
      properties: [Object],
      kind: 'required',
      path: 'image.front',
      value: undefined,
      reason: undefined,
      [Symbol(mongoose:validatorError)]: true
    }
  },
  _message: 'pc validation failed'
}
[2023-03-15T11:31:32.664] [ERROR] default - Error: Validation failed: pokemons.0.health: Path `health` is required., pokemons.1.health: Path `health` is required., pokemons.2.health: Path `health` is required., pokemons.3.health: Path `health` is required., pokemons.4.health: Path `health` is required.
    at ValidationError.inspect (C:\Users\Jelee\Desktop\codigo2023\pokeJs\node_modules\mongoose\lib\error\validation.js:50:26)
    at formatValue (node:internal/util/inspect:782:19)
    at inspect (node:internal/util/inspect:347:10)
    at formatWithOptionsInternal (node:internal/util/inspect:2167:40)
    at Object.format (node:internal/util/inspect:2021:10)
    at basicLayout (C:\Users\Jelee\Desktop\codigo2023\pokeJs\node_modules\log4js\lib\layouts.js:65:52)
    at app (C:\Users\Jelee\Desktop\codigo2023\pokeJs\node_modules\log4js\lib\appenders\file.js:98:23)
    at C:\Users\Jelee\Desktop\codigo2023\pokeJs\node_modules\log4js\lib\appenders\logLevelFilter.js:10:7
    at C:\Users\Jelee\Desktop\codigo2023\pokeJs\node_modules\log4js\lib\log4js.js:43:5
    at Array.forEach (<anonymous>) {
  errors: {
    'pokemons.0.health': ValidatorError: Path `health` is required.
        at validate (C:\Users\Jelee\Desktop\codigo2023\pokeJs\node_modules\mongoose\lib\schematype.js:1346:13)
        at SchemaNumber.SchemaType.doValidate (C:\Users\Jelee\Desktop\codigo2023\pokeJs\node_modules\mongoose\lib\schematype.js:1330:7)
        at C:\Users\Jelee\Desktop\codigo2023\pokeJs\node_modules\mongoose\lib\document.js:2903:18
        at processTicksAndRejections (node:internal/process/task_queues:78:11) {
      properties: [Object],
      kind: 'required',
      path: 'pokemons.0.health',
      value: undefined,
      reason: undefined,
      [Symbol(mongoose:validatorError)]: true
    },
    'pokemons.1.health': ValidatorError: Path `health` is required.
        at validate (C:\Users\Jelee\Desktop\codigo2023\pokeJs\node_modules\mongoose\lib\schematype.js:1346:13)
        at SchemaNumber.SchemaType.doValidate (C:\Users\Jelee\Desktop\codigo2023\pokeJs\node_modules\mongoose\lib\schematype.js:1330:7)
        at C:\Users\Jelee\Desktop\codigo2023\pokeJs\node_modules\mongoose\lib\document.js:2903:18
        at processTicksAndRejections (node:internal/process/task_queues:78:11) {
      properties: [Object],
      kind: 'required',
      path: 'pokemons.1.health',
      value: undefined,
      reason: undefined,
      [Symbol(mongoose:validatorError)]: true
    },
    'pokemons.2.health': ValidatorError: Path `health` is required.
        at validate (C:\Users\Jelee\Desktop\codigo2023\pokeJs\node_modules\mongoose\lib\schematype.js:1346:13)
        at SchemaNumber.SchemaType.doValidate (C:\Users\Jelee\Desktop\codigo2023\pokeJs\node_modules\mongoose\lib\schematype.js:1330:7)
        at C:\Users\Jelee\Desktop\codigo2023\pokeJs\node_modules\mongoose\lib\document.js:2903:18
        at processTicksAndRejections (node:internal/process/task_queues:78:11) {
      properties: [Object],
      kind: 'required',
      path: 'pokemons.2.health',
      value: undefined,
      reason: undefined,
      [Symbol(mongoose:validatorError)]: true
    },
    'pokemons.3.health': ValidatorError: Path `health` is required.
        at validate (C:\Users\Jelee\Desktop\codigo2023\pokeJs\node_modules\mongoose\lib\schematype.js:1346:13)
        at SchemaNumber.SchemaType.doValidate (C:\Users\Jelee\Desktop\codigo2023\pokeJs\node_modules\mongoose\lib\schematype.js:1330:7)
        at C:\Users\Jelee\Desktop\codigo2023\pokeJs\node_modules\mongoose\lib\document.js:2903:18
        at processTicksAndRejections (node:internal/process/task_queues:78:11) {
      properties: [Object],
      kind: 'required',
      path: 'pokemons.3.health',
      value: undefined,
      reason: undefined,
      [Symbol(mongoose:validatorError)]: true
    },
    'pokemons.4.health': ValidatorError: Path `health` is required.
        at validate (C:\Users\Jelee\Desktop\codigo2023\pokeJs\node_modules\mongoose\lib\schematype.js:1346:13)
        at SchemaNumber.SchemaType.doValidate (C:\Users\Jelee\Desktop\codigo2023\pokeJs\node_modules\mongoose\lib\schematype.js:1330:7)
        at C:\Users\Jelee\Desktop\codigo2023\pokeJs\node_modules\mongoose\lib\document.js:2903:18
        at processTicksAndRejections (node:internal/process/task_queues:78:11) {
      properties: [Object],
      kind: 'required',
      path: 'pokemons.4.health',
      value: undefined,
      reason: undefined,
      [Symbol(mongoose:validatorError)]: true
    }
  },
  _message: 'Validation failed'
}
[2023-03-15T11:31:50.025] [ERROR] default - Error: Validation failed: pokemons.0.health: Path `health` is required., pokemons.1.health: Path `health` is required., pokemons.2.health: Path `health` is required., pokemons.3.health: Path `health` is required., pokemons.4.health: Path `health` is required.
    at ValidationError.inspect (C:\Users\Jelee\Desktop\codigo2023\pokeJs\node_modules\mongoose\lib\error\validation.js:50:26)
    at formatValue (node:internal/util/inspect:782:19)
    at inspect (node:internal/util/inspect:347:10)
    at formatWithOptionsInternal (node:internal/util/inspect:2167:40)
    at Object.format (node:internal/util/inspect:2021:10)
    at basicLayout (C:\Users\Jelee\Desktop\codigo2023\pokeJs\node_modules\log4js\lib\layouts.js:65:52)
    at app (C:\Users\Jelee\Desktop\codigo2023\pokeJs\node_modules\log4js\lib\appenders\file.js:98:23)
    at C:\Users\Jelee\Desktop\codigo2023\pokeJs\node_modules\log4js\lib\appenders\logLevelFilter.js:10:7
    at C:\Users\Jelee\Desktop\codigo2023\pokeJs\node_modules\log4js\lib\log4js.js:43:5
    at Array.forEach (<anonymous>) {
  errors: {
    'pokemons.0.health': ValidatorError: Path `health` is required.
        at validate (C:\Users\Jelee\Desktop\codigo2023\pokeJs\node_modules\mongoose\lib\schematype.js:1346:13)
        at SchemaNumber.SchemaType.doValidate (C:\Users\Jelee\Desktop\codigo2023\pokeJs\node_modules\mongoose\lib\schematype.js:1330:7)
        at C:\Users\Jelee\Desktop\codigo2023\pokeJs\node_modules\mongoose\lib\document.js:2903:18
        at processTicksAndRejections (node:internal/process/task_queues:78:11) {
      properties: [Object],
      kind: 'required',
      path: 'pokemons.0.health',
      value: undefined,
      reason: undefined,
      [Symbol(mongoose:validatorError)]: true
    },
    'pokemons.1.health': ValidatorError: Path `health` is required.
        at validate (C:\Users\Jelee\Desktop\codigo2023\pokeJs\node_modules\mongoose\lib\schematype.js:1346:13)
        at SchemaNumber.SchemaType.doValidate (C:\Users\Jelee\Desktop\codigo2023\pokeJs\node_modules\mongoose\lib\schematype.js:1330:7)
        at C:\Users\Jelee\Desktop\codigo2023\pokeJs\node_modules\mongoose\lib\document.js:2903:18
        at processTicksAndRejections (node:internal/process/task_queues:78:11) {
      properties: [Object],
      kind: 'required',
      path: 'pokemons.1.health',
      value: undefined,
      reason: undefined,
      [Symbol(mongoose:validatorError)]: true
    },
    'pokemons.2.health': ValidatorError: Path `health` is required.
        at validate (C:\Users\Jelee\Desktop\codigo2023\pokeJs\node_modules\mongoose\lib\schematype.js:1346:13)
        at SchemaNumber.SchemaType.doValidate (C:\Users\Jelee\Desktop\codigo2023\pokeJs\node_modules\mongoose\lib\schematype.js:1330:7)
        at C:\Users\Jelee\Desktop\codigo2023\pokeJs\node_modules\mongoose\lib\document.js:2903:18
        at processTicksAndRejections (node:internal/process/task_queues:78:11) {
      properties: [Object],
      kind: 'required',
      path: 'pokemons.2.health',
      value: undefined,
      reason: undefined,
      [Symbol(mongoose:validatorError)]: true
    },
    'pokemons.3.health': ValidatorError: Path `health` is required.
        at validate (C:\Users\Jelee\Desktop\codigo2023\pokeJs\node_modules\mongoose\lib\schematype.js:1346:13)
        at SchemaNumber.SchemaType.doValidate (C:\Users\Jelee\Desktop\codigo2023\pokeJs\node_modules\mongoose\lib\schematype.js:1330:7)
        at C:\Users\Jelee\Desktop\codigo2023\pokeJs\node_modules\mongoose\lib\document.js:2903:18
        at processTicksAndRejections (node:internal/process/task_queues:78:11) {
      properties: [Object],
      kind: 'required',
      path: 'pokemons.3.health',
      value: undefined,
      reason: undefined,
      [Symbol(mongoose:validatorError)]: true
    },
    'pokemons.4.health': ValidatorError: Path `health` is required.
        at validate (C:\Users\Jelee\Desktop\codigo2023\pokeJs\node_modules\mongoose\lib\schematype.js:1346:13)
        at SchemaNumber.SchemaType.doValidate (C:\Users\Jelee\Desktop\codigo2023\pokeJs\node_modules\mongoose\lib\schematype.js:1330:7)
        at C:\Users\Jelee\Desktop\codigo2023\pokeJs\node_modules\mongoose\lib\document.js:2903:18
        at processTicksAndRejections (node:internal/process/task_queues:78:11) {
      properties: [Object],
      kind: 'required',
      path: 'pokemons.4.health',
      value: undefined,
      reason: undefined,
      [Symbol(mongoose:validatorError)]: true
    }
  },
  _message: 'Validation failed'
}
